0 info it worked if it ends with ok
1 verbose cli [ 'D:\\Program Files\\nodejs\\node.exe',
1 verbose cli   'D:\\Program Files\\nodejs\\node_modules\\npm\\bin\\npm-cli.js',
1 verbose cli   'start' ]
2 info using npm@3.10.10
3 info using node@v6.11.0
4 verbose run-script [ 'prestart', 'start', 'poststart' ]
5 info lifecycle react_dianping@1.0.0~prestart: react_dianping@1.0.0
6 silly lifecycle react_dianping@1.0.0~prestart: no script for prestart, continuing
7 info lifecycle react_dianping@1.0.0~start: react_dianping@1.0.0
8 verbose lifecycle react_dianping@1.0.0~start: unsafe-perm in lifecycle true
9 verbose lifecycle react_dianping@1.0.0~start: PATH: D:\Program Files\nodejs\node_modules\npm\bin\node-gyp-bin;D:\xuexue\MyWeb\react_dianping\node_modules\.bin;C:\Program Files\ActiveState Komodo IDE 10\;C:\RailsInstaller\Git\cmd;C:\RailsInstaller\Ruby1.9.3\bin;C:\Program Files\Intel\iCLS Client\;C:\Windows\system32;C:\Windows;C:\Windows\System32\Wbem;C:\Windows\System32\WindowsPowerShell\v1.0\;C:\Program Files\Intel\Intel(R) Management Engine Components\DAL;C:\Program Files\Intel\Intel(R) Management Engine Components\IPT;%USERPROFILE%\.dnx\bin;C:\Program Files\Microsoft DNX\Dnvm\;C:\Program Files\Microsoft SQL Server\120\Tools\Binn\;D:\Program Files\nodejs\;d:\Program Files\Git\cmd;C:\RailsInstaller\Ruby2.3.0\bin;C:\Users\LiuNa\AppData\Roaming\npm
10 verbose lifecycle react_dianping@1.0.0~start: CWD: D:\xuexue\MyWeb\react_dianping
11 silly lifecycle react_dianping@1.0.0~start: Args: [ '/d /s /c',
11 silly lifecycle   'set NODE_ENV=dev && webpack-dev-server --progress --colors' ]
12 verbose stack Error: kill ENOSYS
12 verbose stack     at exports._errnoException (util.js:1018:11)
12 verbose stack     at process.kill (internal/process.js:190:13)
12 verbose stack     at process.listener (D:\Program Files\nodejs\node_modules\npm\node_modules\npmlog\node_modules\gauge\node_modules\signal-exit\index.js:86:15)
12 verbose stack     at emitNone (events.js:91:20)
12 verbose stack     at process.emit (events.js:185:7)
12 verbose stack     at processEmit (D:\Program Files\nodejs\node_modules\npm\node_modules\npmlog\node_modules\gauge\node_modules\signal-exit\index.js:146:32)
12 verbose stack     at processEmit (D:\Program Files\nodejs\node_modules\npm\node_modules\npm-registry-client\node_modules\npmlog\node_modules\gauge\node_modules\signal-exit\index.js:146:32)
12 verbose stack     at Signal.wrap.onsignal (internal/process.js:217:44)
13 verbose cwd D:\xuexue\MyWeb\react_dianping
14 error Windows_NT 6.1.7601
15 error argv "D:\\Program Files\\nodejs\\node.exe" "D:\\Program Files\\nodejs\\node_modules\\npm\\bin\\npm-cli.js" "start"
16 error node v6.11.0
17 error npm  v3.10.10
18 error code ENOSYS
19 error errno ENOSYS
20 error syscall kill
21 error kill ENOSYS
22 error If you need help, you may report this error at:
22 error     <https://github.com/npm/npm/issues>
23 verbose exit [ 1, true ]
